#
# There is insufficient memory for the Java Runtime Environment to continue.
# Native memory allocation (mmap) failed to map 536870912 bytes for G1 virtual space
# Possible reasons:
#   The system is out of physical RAM or swap space
#   The process is running with CompressedOops enabled, and the Java Heap may be blocking the growth of the native heap
# Possible solutions:
#   Reduce memory load on the system
#   Increase physical memory or swap space
#   Check if swap backing store is full
#   Decrease Java heap size (-Xmx/-Xms)
#   Decrease number of Java threads
#   Decrease Java thread stack sizes (-Xss)
#   Set larger code cache with -XX:ReservedCodeCacheSize=
#   JVM is running with Zero Based Compressed Oops mode in which the Java heap is
#     placed in the first 32GB address space. The Java Heap base address is the
#     maximum limit for the native heap growth. Please use -XX:HeapBaseMinAddress
#     to set the Java Heap base and to place the Java Heap above 32GB virtual address.
# This output file may be truncated or incomplete.
#
#  Out of Memory Error (os_windows.cpp:3548), pid=31648, tid=12344
#
# JRE version:  (17.0.12+8) (build )
# Java VM: Java HotSpot(TM) 64-Bit Server VM (17.0.12+8-LTS-286, mixed mode, sharing, tiered, compressed oops, compressed class ptrs, g1 gc, windows-amd64)
# No core dump will be written. Minidumps are not enabled by default on client versions of Windows
#

---------------  S U M M A R Y ------------

Command Line: -Dnet.bytebuddy.agent.attacher.dump= net.bytebuddy.agent.Attacher com.sun.tools.attach.VirtualMachine 39992 C:\Users\juanp\.m2\repository\net\bytebuddy\byte-buddy-agent\1.14.19\byte-buddy-agent-1.14.19.jar false 

Host: AMD Ryzen 7 3700X 8-Core Processor             , 16 cores, 31G,  Windows 10 , 64 bit Build 19041 (10.0.19041.5915)
Time: Tue Jun 17 20:50:02 2025 Hora est. Sudamérica Pacífico elapsed time: 0.007839 seconds (0d 0h 0m 0s)

---------------  T H R E A D  ---------------

Current thread (0x000001eb22386060):  JavaThread "Unknown thread" [_thread_in_vm, id=12344, stack(0x000000ba93c00000,0x000000ba93d00000)]

Stack: [0x000000ba93c00000,0x000000ba93d00000]
Native frames: (J=compiled Java code, j=interpreted, Vv=VM code, C=native code)
V  [jvm.dll+0x67a04a]
V  [jvm.dll+0x7da4ed]
V  [jvm.dll+0x7dbe33]
V  [jvm.dll+0x7dc4a3]
V  [jvm.dll+0x24508f]
V  [jvm.dll+0x677089]
V  [jvm.dll+0x66bd32]
V  [jvm.dll+0x301fa6]
V  [jvm.dll+0x309546]
V  [jvm.dll+0x359d2e]
V  [jvm.dll+0x359f5f]
V  [jvm.dll+0x2d9078]
V  [jvm.dll+0x2d9fe4]
V  [jvm.dll+0x7aca21]
V  [jvm.dll+0x367591]
V  [jvm.dll+0x78b999]
V  [jvm.dll+0x3ec83f]
V  [jvm.dll+0x3ee471]
C  [jli.dll+0x5297]
C  [ucrtbase.dll+0x21bb2]
C  [KERNEL32.DLL+0x17374]
C  [ntdll.dll+0x4cc91]


---------------  P R O C E S S  ---------------

Threads class SMR info:
_java_thread_list=0x00007fff82ce7a18, length=0, elements={
}

Java Threads: ( => current thread )

Other Threads:
  0x000001eb22435d20 GCTaskThread "GC Thread#0" [stack: 0x000000ba93d00000,0x000000ba93e00000] [id=21068]
  0x000001eb22446ac0 ConcurrentGCThread "G1 Main Marker" [stack: 0x000000ba93e00000,0x000000ba93f00000] [id=47760]
  0x000001eb22448b80 ConcurrentGCThread "G1 Conc#0" [stack: 0x000000ba93f00000,0x000000ba94000000] [id=21380]

[error occurred during error reporting (printing all threads), id 0xc0000005, EXCEPTION_ACCESS_VIOLATION (0xc0000005) at pc=0x00007fff82519b67]

VM state: not at safepoint (not fully initialized)

VM Mutex/Monitor currently owned by a thread:  ([mutex/lock_event])
[0x000001eb223825a0] Heap_lock - owner thread: 0x000001eb22386060

Heap address: 0x0000000601400000, size: 8172 MB, Compressed Oops mode: Zero based, Oop shift amount: 3

CDS archive(s) mapped at: [0x0000000000000000-0x0000000000000000-0x0000000000000000), size 0, SharedBaseAddress: 0x0000000800000000, ArchiveRelocationMode: 1.
Narrow klass base: 0x0000000000000000, Narrow klass shift: 0, Narrow klass range: 0x0

GC Precious Log:
<Empty>

Heap:
 garbage-first heap   total 0K, used 0K [0x0000000601400000, 0x0000000800000000)
  region size 4096K, 0 young (0K), 0 survivors (0K)

[error occurred during error reporting (printing heap information), id 0xc0000005, EXCEPTION_ACCESS_VIOLATION (0xc0000005) at pc=0x00007fff82903859]

GC Heap History (0 events):
No events

Deoptimization events (0 events):
No events

Classes unloaded (0 events):
No events

Classes redefined (0 events):
No events

Internal exceptions (0 events):
No events

VM Operations (0 events):
No events

Events (1 events):
Event: 0.004 Loaded shared library C:\Program Files\Java\jdk-17\bin\java.dll


Dynamic libraries:
0x00007ff70eb60000 - 0x00007ff70eb70000 	C:\Program Files\Java\jdk-17\bin\java.exe
0x00007ff87b4b0000 - 0x00007ff87b6a8000 	C:\Windows\SYSTEM32\ntdll.dll
0x00007ff87a570000 - 0x00007ff87a632000 	C:\Windows\System32\KERNEL32.DLL
0x00007ff878de0000 - 0x00007ff8790d6000 	C:\Windows\System32\KERNELBASE.dll
0x00007ff8790e0000 - 0x00007ff8791e0000 	C:\Windows\System32\ucrtbase.dll
0x00007ff873f40000 - 0x00007ff873f5b000 	C:\Program Files\Java\jdk-17\bin\VCRUNTIME140.dll
0x00007ff874030000 - 0x00007ff874049000 	C:\Program Files\Java\jdk-17\bin\jli.dll
0x00007ff879ca0000 - 0x00007ff879d51000 	C:\Windows\System32\ADVAPI32.dll
0x00007ff87a7b0000 - 0x00007ff87a84e000 	C:\Windows\System32\msvcrt.dll
0x00007ff87a660000 - 0x00007ff87a6ff000 	C:\Windows\System32\sechost.dll
0x00007ff8794d0000 - 0x00007ff8795f3000 	C:\Windows\System32\RPCRT4.dll
0x00007ff879230000 - 0x00007ff879257000 	C:\Windows\System32\bcrypt.dll
0x00007ff87a850000 - 0x00007ff87a9ed000 	C:\Windows\System32\USER32.dll
0x00007ff878b40000 - 0x00007ff878b62000 	C:\Windows\System32\win32u.dll
0x00007ff85b790000 - 0x00007ff85ba2a000 	C:\Windows\WinSxS\amd64_microsoft.windows.common-controls_6595b64144ccf1df_6.0.19041.5915_none_60b4b9d171f9c7c7\COMCTL32.dll
0x00007ff879a40000 - 0x00007ff879a6b000 	C:\Windows\System32\GDI32.dll
0x00007ff878b70000 - 0x00007ff878c89000 	C:\Windows\System32\gdi32full.dll
0x00007ff878c90000 - 0x00007ff878d2d000 	C:\Windows\System32\msvcp_win.dll
0x00007ff871380000 - 0x00007ff87138a000 	C:\Windows\SYSTEM32\VERSION.dll
0x00007ff87abf0000 - 0x00007ff87ac1f000 	C:\Windows\System32\IMM32.DLL
0x00007ff875520000 - 0x00007ff87552c000 	C:\Program Files\Java\jdk-17\bin\vcruntime140_1.dll
0x00007ff83a180000 - 0x00007ff83a20e000 	C:\Program Files\Java\jdk-17\bin\msvcp140.dll
0x00007fff82230000 - 0x00007fff82e10000 	C:\Program Files\Java\jdk-17\bin\server\jvm.dll
0x00007ff87aac0000 - 0x00007ff87aac8000 	C:\Windows\System32\PSAPI.DLL
0x00007ff8742d0000 - 0x00007ff8742d9000 	C:\Windows\SYSTEM32\WSOCK32.dll
0x00007ff86e7f0000 - 0x00007ff86e817000 	C:\Windows\SYSTEM32\WINMM.dll
0x00007ff87a9f0000 - 0x00007ff87aa5b000 	C:\Windows\System32\WS2_32.dll
0x00007ff8773b0000 - 0x00007ff8773c2000 	C:\Windows\SYSTEM32\kernel.appcore.dll
0x00007ff874000000 - 0x00007ff87400a000 	C:\Program Files\Java\jdk-17\bin\jimage.dll
0x00007ff876ea0000 - 0x00007ff8770a1000 	C:\Windows\SYSTEM32\DBGHELP.DLL
0x00007ff86bc80000 - 0x00007ff86bcb4000 	C:\Windows\SYSTEM32\dbgcore.DLL
0x00007ff8792e0000 - 0x00007ff879362000 	C:\Windows\System32\bcryptPrimitives.dll
0x00007ff86ef50000 - 0x00007ff86ef75000 	C:\Program Files\Java\jdk-17\bin\java.dll

dbghelp: loaded successfully - version: 4.0.5 - missing functions: none
symbol engine: initialized successfully - sym options: 0x614 - pdb path: .;C:\Program Files\Java\jdk-17\bin;C:\Windows\SYSTEM32;C:\Windows\WinSxS\amd64_microsoft.windows.common-controls_6595b64144ccf1df_6.0.19041.5915_none_60b4b9d171f9c7c7;C:\Program Files\Java\jdk-17\bin\server

VM Arguments:
jvm_args: -Dnet.bytebuddy.agent.attacher.dump= 
java_command: net.bytebuddy.agent.Attacher com.sun.tools.attach.VirtualMachine 39992 C:\Users\juanp\.m2\repository\net\bytebuddy\byte-buddy-agent\1.14.19\byte-buddy-agent-1.14.19.jar false 
java_class_path (initial): C:\Users\juanp\.m2\repository\net\bytebuddy\byte-buddy-agent\1.14.19\byte-buddy-agent-1.14.19.jar
Launcher Type: SUN_STANDARD

[Global flags]
     intx CICompilerCount                          = 12                                        {product} {ergonomic}
     uint ConcGCThreads                            = 3                                         {product} {ergonomic}
     uint G1ConcRefinementThreads                  = 13                                        {product} {ergonomic}
   size_t G1HeapRegionSize                         = 4194304                                   {product} {ergonomic}
    uintx GCDrainStackTargetSize                   = 64                                        {product} {ergonomic}
   size_t InitialHeapSize                          = 536870912                                 {product} {ergonomic}
   size_t MarkStackSize                            = 4194304                                   {product} {ergonomic}
   size_t MaxHeapSize                              = 8568963072                                {product} {ergonomic}
   size_t MinHeapDeltaBytes                        = 4194304                                   {product} {ergonomic}
   size_t MinHeapSize                              = 8388608                                   {product} {ergonomic}
    uintx NonNMethodCodeHeapSize                   = 7602480                                {pd product} {ergonomic}
    uintx NonProfiledCodeHeapSize                  = 122027880                              {pd product} {ergonomic}
    uintx ProfiledCodeHeapSize                     = 122027880                              {pd product} {ergonomic}
    uintx ReservedCodeCacheSize                    = 251658240                              {pd product} {ergonomic}
     bool SegmentedCodeCache                       = true                                      {product} {ergonomic}
   size_t SoftMaxHeapSize                          = 8568963072                             {manageable} {ergonomic}
     bool UseCompressedClassPointers               = true                           {product lp64_product} {ergonomic}
     bool UseCompressedOops                        = true                           {product lp64_product} {ergonomic}
     bool UseG1GC                                  = true                                      {product} {ergonomic}
     bool UseLargePagesIndividualAllocation        = false                                  {pd product} {ergonomic}

Logging:
Log output configuration:
 #0: stdout all=warning uptime,level,tags
 #1: stderr all=off uptime,level,tags

Environment Variables:
PATH=C:\Program Files\Common Files\Oracle\Java\javapath;C:\Program Files (x86)\Razer Chroma SDK\bin;C:\Program Files\Razer Chroma SDK\bin;C:\Program Files (x86)\Razer\ChromaBroadcast\bin;C:\Program Files\Razer\ChromaBroadcast\bin;C:\Program Files\Eclipse Adoptium\jdk-11.0.18.10-hotspot\bin;G:\Oculus\Support\oculus-runtime;C:\Windows\system32;C:\Windows;C:\Windows\System32\Wbem;C:\Windows\System32\WindowsPowerShell\v1.0\;C:\Windows\System32\OpenSSH\;C:\Windows\system32\config\systemprofile\AppData\Local\Microsoft\WindowsApps;;C:\Program Files (x86)\NVIDIA Corporation\PhysX\Common;C:\Program Files\NVIDIA Corporation\NVIDIA app\NvDLISR;H:\Scripts\;H:\;C:\Users\juanp\AppData\Local\Microsoft\WindowsApps;H:\Microsoft VS Code\bin
USERNAME=juanp
OS=Windows_NT
PROCESSOR_IDENTIFIER=AMD64 Family 23 Model 113 Stepping 0, AuthenticAMD



---------------  S Y S T E M  ---------------

OS:
 Windows 10 , 64 bit Build 19041 (10.0.19041.5915)
OS uptime: 5 days 20:56 hours

CPU: total 16 (initial active 16) (16 cores per cpu, 2 threads per core) family 23 model 113 stepping 0 microcode 0x0, cx8, cmov, fxsr, ht, mmx, 3dnowpref, sse, sse2, sse3, ssse3, sse4a, sse4.1, sse4.2, popcnt, lzcnt, tsc, tscinvbit, avx, avx2, aes, clmul, bmi1, bmi2, adx, sha, fma, vzeroupper, clflush, clflushopt

Memory: 4k page, system-wide physical 32676M (7212M free)
TotalPageFile size 34724M (AvailPageFile size 429M)
current process WorkingSet (physical memory assigned to process): 11M, peak: 11M
current process commit charge ("private bytes"): 71M, peak: 582M

vm_info: Java HotSpot(TM) 64-Bit Server VM (17.0.12+8-LTS-286) for windows-amd64 JRE (17.0.12+8-LTS-286), built on Jun  5 2024 06:46:59 by "mach5one" with MS VC++ 17.6 (VS2022)

END.
